Using pre-set license
Built from '2020.3/release' branch; Version is '2020.3.1f1 (77a89f25062f) revision 7841951'; Using compiler version '192528614'; Build Type 'Release'
OS: 'Windows 10 Pro; OS build 22000.348; Version 2009; 64bit' Language: 'en' Physical Memory: 16299 MB
BatchMode: 1, IsHumanControllingUs: 0, StartBugReporterOnCrash: 0, Is64bit: 1, IsPro: 0

 COMMAND LINE ARGUMENTS:
C:\Program Files\Unity\Hub\Editor\2020.3.1f1\Editor\Unity.exe
-adb2
-batchMode
-noUpm
-name
AssetImportWorker0
-projectPath
D:/Unity Project/Final-Project-at-PTIT/Space Invaders Final
-logFile
Logs/AssetImportWorker0.log
-srvPort
65337
Successfully changed project path to: D:/Unity Project/Final-Project-at-PTIT/Space Invaders Final
D:/Unity Project/Final-Project-at-PTIT/Space Invaders Final
Using Asset Import Pipeline V2.
Refreshing native plugins compatible for Editor in 29.07 ms, found 1 plugins.
Preloading 0 native plugins for Editor in 0.00 ms.
Initialize engine version: 2020.3.1f1 (77a89f25062f)
[Subsystems] Discovering subsystems at path C:/Program Files/Unity/Hub/Editor/2020.3.1f1/Editor/Data/Resources/UnitySubsystems
[Subsystems] Discovering subsystems at path D:/Unity Project/Final-Project-at-PTIT/Space Invaders Final/Assets
GfxDevice: creating device client; threaded=0
Direct3D:
    Version:  Direct3D 11.0 [level 11.1]
    Renderer: NVIDIA GeForce GTX 1050 (ID=0x1c81)
    Vendor:   
    VRAM:     1977 MB
    Driver:   30.0.14.9649
Initialize mono
Mono path[0] = 'C:/Program Files/Unity/Hub/Editor/2020.3.1f1/Editor/Data/Managed'
Mono path[1] = 'C:/Program Files/Unity/Hub/Editor/2020.3.1f1/Editor/Data/MonoBleedingEdge/lib/mono/unityjit'
Mono config path = 'C:/Program Files/Unity/Hub/Editor/2020.3.1f1/Editor/Data/MonoBleedingEdge/etc'
Using monoOptions --debugger-agent=transport=dt_socket,embedding=1,server=y,suspend=n,address=127.0.0.1:56512
Begin MonoManager ReloadAssembly
Registering precompiled unity dll's ...
Register platform support module: C:/Program Files/Unity/Hub/Editor/2020.3.1f1/Editor/Data/PlaybackEngines/WindowsStandaloneSupport/UnityEditor.WindowsStandalone.Extensions.dll
Registered in 0.001086 seconds.
Native extension for WindowsStandalone target not found
Refreshing native plugins compatible for Editor in 45.60 ms, found 1 plugins.
Preloading 0 native plugins for Editor in 0.00 ms.
Invoked RoslynAnalysisRunner static constructor.
RoslynAnalysisRunner will not be running.
RoslynAnalysisRunner has terminated.
Mono: successfully reloaded assembly
- Completed reload, in  0.903 seconds
Platform modules already initialized, skipping
Registering precompiled user dll's ...
Registered in 0.000579 seconds.
Begin MonoManager ReloadAssembly
Native extension for WindowsStandalone target not found
Refreshing native plugins compatible for Editor in 31.65 ms, found 1 plugins.
Preloading 0 native plugins for Editor in 0.00 ms.
Invoked RoslynAnalysisRunner static constructor.
RoslynAnalysisRunner will not be running.
RoslynAnalysisRunner has terminated.
Mono: successfully reloaded assembly
- Completed reload, in  0.864 seconds
Platform modules already initialized, skipping
========================================================================
Worker process is ready to serve import requests
Launched and connected shader compiler UnityShaderCompiler.exe after 0.05 seconds
Refreshing native plugins compatible for Editor in 0.34 ms, found 1 plugins.
Preloading 0 native plugins for Editor in 0.00 ms.
Unloading 1822 Unused Serialized files (Serialized files now loaded: 0)
System memory in use before: 104.0 MB.
System memory in use after: 104.1 MB.

Unloading 18 unused Assets to reduce memory usage. Loaded Objects now: 2293.
Total: 1.814500 ms (FindLiveObjects: 0.198700 ms CreateObjectMapping: 0.083500 ms MarkObjects: 1.506600 ms  DeleteObjects: 0.025000 ms)

========================================================================
Received Import Request.
  path: Assets/RW/Scripts/GameManager.cs
  artifactKey: Guid(78ec534bc314bac418489091c2029a5a) Importer(815301076,1909f56bfc062723c751e8b465ee728b)
Start importing Assets/RW/Scripts/GameManager.cs using Guid(78ec534bc314bac418489091c2029a5a) Importer(815301076,1909f56bfc062723c751e8b465ee728b)  -> (artifact id: 'b37b78703ee8606ad6cf3a65ff6c6f5e') in 0.058012 seconds
  Import took 0.060655 seconds .

========================================================================
Received Import Request.
  Time since last request: 261.827486 seconds.
  path: Assets/RW/Scripts/ParallaxBG.cs
  artifactKey: Guid(43670a8453dbbf549999805a85ae74b4) Importer(815301076,1909f56bfc062723c751e8b465ee728b)
Start importing Assets/RW/Scripts/ParallaxBG.cs using Guid(43670a8453dbbf549999805a85ae74b4) Importer(815301076,1909f56bfc062723c751e8b465ee728b)  -> (artifact id: '2998448df55be527d59a1ff4b08d7fb9') in 0.008200 seconds
  Import took 0.012445 seconds .

========================================================================
Received Import Request.
  Time since last request: 25.921551 seconds.
  path: Assets/RW/Resources/Press_Start_2P/OFL.txt
  artifactKey: Guid(374fb6a72ba406245b1b67d449063f86) Importer(815301076,1909f56bfc062723c751e8b465ee728b)
Start importing Assets/RW/Resources/Press_Start_2P/OFL.txt using Guid(374fb6a72ba406245b1b67d449063f86) Importer(815301076,1909f56bfc062723c751e8b465ee728b)  -> (artifact id: '530dbbffb214db8dc906d117a1515bb2') in 0.040501 seconds
  Import took 0.042979 seconds .

========================================================================
Received Import Request.
  Time since last request: 128.256350 seconds.
  path: Assets/RW/Scripts/LevelLoader.cs
  artifactKey: Guid(c3c2577dc788afc45a88cff6158de3d6) Importer(815301076,1909f56bfc062723c751e8b465ee728b)
Start importing Assets/RW/Scripts/LevelLoader.cs using Guid(c3c2577dc788afc45a88cff6158de3d6) Importer(815301076,1909f56bfc062723c751e8b465ee728b)  -> (artifact id: '79ec0ac8fa645a7064235ede71054182') in 0.009388 seconds
  Import took 0.012041 seconds .

========================================================================
Received Import Request.
  Time since last request: 36.266269 seconds.
  path: Assets/RW/Resources/Press_Start_2P
  artifactKey: Guid(5539ff759bfcb914bbe3c97f92f100e1) Importer(815301076,1909f56bfc062723c751e8b465ee728b)
Start importing Assets/RW/Resources/Press_Start_2P using Guid(5539ff759bfcb914bbe3c97f92f100e1) Importer(815301076,1909f56bfc062723c751e8b465ee728b)  -> (artifact id: '4213500ef5bba848c960a35d4a085731') in 0.008513 seconds
  Import took 0.011466 seconds .

========================================================================
Received Import Request.
  Time since last request: 38.710763 seconds.
  path: Assets/RW/Scenes/MenuScene.unity
  artifactKey: Guid(e3ec8eac031c4fd49a8081e4709933ec) Importer(815301076,1909f56bfc062723c751e8b465ee728b)
Start importing Assets/RW/Scenes/MenuScene.unity using Guid(e3ec8eac031c4fd49a8081e4709933ec) Importer(815301076,1909f56bfc062723c751e8b465ee728b)  -> (artifact id: '398170e803a376de0d615efa7b6b5d97') in 0.008190 seconds
  Import took 0.010703 seconds .

========================================================================
Received Import Request.
  Time since last request: 266.579930 seconds.
  path: Assets/RW/Scenes/Level 1.unity
  artifactKey: Guid(2cda990e2423bbf4892e6590ba056729) Importer(815301076,1909f56bfc062723c751e8b465ee728b)
Start importing Assets/RW/Scenes/Level 1.unity using Guid(2cda990e2423bbf4892e6590ba056729) Importer(815301076,1909f56bfc062723c751e8b465ee728b)  -> (artifact id: 'b5dfca7909323467cd1b30f21062679e') in 0.006929 seconds
  Import took 0.009681 seconds .

========================================================================
Received Prepare
Registering precompiled user dll's ...
Registered in 0.000531 seconds.
Begin MonoManager ReloadAssembly
Native extension for WindowsStandalone target not found
Refreshing native plugins compatible for Editor in 0.30 ms, found 1 plugins.
Preloading 0 native plugins for Editor in 0.00 ms.
Invoked RoslynAnalysisRunner static constructor.
RoslynAnalysisRunner will not be running.
RoslynAnalysisRunner has terminated.
Mono: successfully reloaded assembly
- Completed reload, in  0.704 seconds
Platform modules already initialized, skipping
Refreshing native plugins compatible for Editor in 0.30 ms, found 1 plugins.
Preloading 0 native plugins for Editor in 0.00 ms.
Unloading 1812 Unused Serialized files (Serialized files now loaded: 0)
System memory in use before: 103.7 MB.
System memory in use after: 103.8 MB.

Unloading 7 unused Assets to reduce memory usage. Loaded Objects now: 2297.
Total: 1.548100 ms (FindLiveObjects: 0.155700 ms CreateObjectMapping: 0.060400 ms MarkObjects: 1.318300 ms  DeleteObjects: 0.012900 ms)

========================================================================
Received Import Request.
  Time since last request: 169.018152 seconds.
  path: Assets/RW/Scenes/Level 1.unity
  artifactKey: Guid(2cda990e2423bbf4892e6590ba056729) Importer(815301076,1909f56bfc062723c751e8b465ee728b)
Start importing Assets/RW/Scenes/Level 1.unity using Guid(2cda990e2423bbf4892e6590ba056729) Importer(815301076,1909f56bfc062723c751e8b465ee728b)  -> (artifact id: '82280571beb369b2a777e0413d99b7bb') in 0.011109 seconds
  Import took 0.013948 seconds .

========================================================================
Received Prepare
Registering precompiled user dll's ...
Registered in 0.000745 seconds.
Begin MonoManager ReloadAssembly
Native extension for WindowsStandalone target not found
Refreshing native plugins compatible for Editor in 0.29 ms, found 1 plugins.
Preloading 0 native plugins for Editor in 0.00 ms.
Invoked RoslynAnalysisRunner static constructor.
RoslynAnalysisRunner will not be running.
RoslynAnalysisRunner has terminated.
Mono: successfully reloaded assembly
- Completed reload, in  1.085 seconds
Platform modules already initialized, skipping
Refreshing native plugins compatible for Editor in 0.29 ms, found 1 plugins.
Preloading 0 native plugins for Editor in 0.00 ms.
Unloading 1812 Unused Serialized files (Serialized files now loaded: 0)
System memory in use before: 103.7 MB.
System memory in use after: 103.8 MB.

Unloading 7 unused Assets to reduce memory usage. Loaded Objects now: 2301.
Total: 1.453300 ms (FindLiveObjects: 0.161800 ms CreateObjectMapping: 0.058500 ms MarkObjects: 1.220700 ms  DeleteObjects: 0.011300 ms)

AssetImportWorkerClient::OnTransportError - code=2 error=End of file
