Using pre-set license
Built from '2020.3/release' branch; Version is '2020.3.1f1 (77a89f25062f) revision 7841951'; Using compiler version '192528614'; Build Type 'Release'
OS: 'Windows 10 Pro; OS build 22000.348; Version 2009; 64bit' Language: 'en' Physical Memory: 16299 MB
BatchMode: 1, IsHumanControllingUs: 0, StartBugReporterOnCrash: 0, Is64bit: 1, IsPro: 0

 COMMAND LINE ARGUMENTS:
C:\Program Files\Unity\Hub\Editor\2020.3.1f1\Editor\Unity.exe
-adb2
-batchMode
-noUpm
-name
AssetImportWorker0
-projectPath
D:/Unity Project/Final-Project-at-PTIT/Space Invaders Final
-logFile
Logs/AssetImportWorker0.log
-srvPort
52317
Successfully changed project path to: D:/Unity Project/Final-Project-at-PTIT/Space Invaders Final
D:/Unity Project/Final-Project-at-PTIT/Space Invaders Final
Using Asset Import Pipeline V2.
Refreshing native plugins compatible for Editor in 29.73 ms, found 1 plugins.
Preloading 0 native plugins for Editor in 0.00 ms.
Initialize engine version: 2020.3.1f1 (77a89f25062f)
[Subsystems] Discovering subsystems at path C:/Program Files/Unity/Hub/Editor/2020.3.1f1/Editor/Data/Resources/UnitySubsystems
[Subsystems] Discovering subsystems at path D:/Unity Project/Final-Project-at-PTIT/Space Invaders Final/Assets
GfxDevice: creating device client; threaded=0
Direct3D:
    Version:  Direct3D 11.0 [level 11.1]
    Renderer: NVIDIA GeForce GTX 1050 (ID=0x1c81)
    Vendor:   
    VRAM:     1977 MB
    Driver:   30.0.14.9649
Initialize mono
Mono path[0] = 'C:/Program Files/Unity/Hub/Editor/2020.3.1f1/Editor/Data/Managed'
Mono path[1] = 'C:/Program Files/Unity/Hub/Editor/2020.3.1f1/Editor/Data/MonoBleedingEdge/lib/mono/unityjit'
Mono config path = 'C:/Program Files/Unity/Hub/Editor/2020.3.1f1/Editor/Data/MonoBleedingEdge/etc'
Using monoOptions --debugger-agent=transport=dt_socket,embedding=1,server=y,suspend=n,address=127.0.0.1:56276
Begin MonoManager ReloadAssembly
Registering precompiled unity dll's ...
Register platform support module: C:/Program Files/Unity/Hub/Editor/2020.3.1f1/Editor/Data/PlaybackEngines/WindowsStandaloneSupport/UnityEditor.WindowsStandalone.Extensions.dll
Registered in 0.001133 seconds.
Native extension for WindowsStandalone target not found
Refreshing native plugins compatible for Editor in 30.63 ms, found 1 plugins.
Preloading 0 native plugins for Editor in 0.00 ms.
Invoked RoslynAnalysisRunner static constructor.
RoslynAnalysisRunner will not be running.
RoslynAnalysisRunner has terminated.
Mono: successfully reloaded assembly
- Completed reload, in  0.840 seconds
Platform modules already initialized, skipping
Registering precompiled user dll's ...
Registered in 0.000547 seconds.
Begin MonoManager ReloadAssembly
Native extension for WindowsStandalone target not found
Refreshing native plugins compatible for Editor in 29.76 ms, found 1 plugins.
Preloading 0 native plugins for Editor in 0.00 ms.
Invoked RoslynAnalysisRunner static constructor.
RoslynAnalysisRunner will not be running.
RoslynAnalysisRunner has terminated.
Mono: successfully reloaded assembly
- Completed reload, in  0.844 seconds
Platform modules already initialized, skipping
========================================================================
Worker process is ready to serve import requests
Launched and connected shader compiler UnityShaderCompiler.exe after 0.05 seconds
Refreshing native plugins compatible for Editor in 0.29 ms, found 1 plugins.
Preloading 0 native plugins for Editor in 0.00 ms.
Unloading 1822 Unused Serialized files (Serialized files now loaded: 0)
System memory in use before: 104.0 MB.
System memory in use after: 104.1 MB.

Unloading 18 unused Assets to reduce memory usage. Loaded Objects now: 2293.
Total: 1.957800 ms (FindLiveObjects: 0.339900 ms CreateObjectMapping: 0.162300 ms MarkObjects: 1.436900 ms  DeleteObjects: 0.017200 ms)

========================================================================
Received Import Request.
  path: Assets/RW/Scenes/Level 7.unity
  artifactKey: Guid(66122f9fc4ab00c45b3977a63848f281) Importer(815301076,1909f56bfc062723c751e8b465ee728b)
Start importing Assets/RW/Scenes/Level 7.unity using Guid(66122f9fc4ab00c45b3977a63848f281) Importer(815301076,1909f56bfc062723c751e8b465ee728b)  -> (artifact id: 'e9c28db6152756c176e805d3f665b5b7') in 0.016530 seconds
  Import took 0.019470 seconds .

========================================================================
Received Import Request.
  Time since last request: 0.074930 seconds.
  path: Assets/RW/Scenes/Level 8.unity
  artifactKey: Guid(bdd7f404aa154304d9f0d5578bc07c49) Importer(815301076,1909f56bfc062723c751e8b465ee728b)
Start importing Assets/RW/Scenes/Level 8.unity using Guid(bdd7f404aa154304d9f0d5578bc07c49) Importer(815301076,1909f56bfc062723c751e8b465ee728b)  -> (artifact id: 'e666415aeac7f3f0d35f4003a03f5831') in 0.008317 seconds
  Import took 0.011712 seconds .

========================================================================
Received Import Request.
  Time since last request: 0.197966 seconds.
  path: Assets/RW/Scenes/Level 9.unity
  artifactKey: Guid(2b1b2dfb031a87f4896bfbe4167fc145) Importer(815301076,1909f56bfc062723c751e8b465ee728b)
Start importing Assets/RW/Scenes/Level 9.unity using Guid(2b1b2dfb031a87f4896bfbe4167fc145) Importer(815301076,1909f56bfc062723c751e8b465ee728b)  -> (artifact id: 'd9a3fbed8db7c27215d192357e82d9a8') in 0.007741 seconds
  Import took 0.010334 seconds .

========================================================================
Received Import Request.
  Time since last request: 0.389525 seconds.
  path: Assets/RW/Scenes/Level 10.unity
  artifactKey: Guid(03a53fe162616764cb0ff34a0494bfe9) Importer(815301076,1909f56bfc062723c751e8b465ee728b)
Start importing Assets/RW/Scenes/Level 10.unity using Guid(03a53fe162616764cb0ff34a0494bfe9) Importer(815301076,1909f56bfc062723c751e8b465ee728b)  -> (artifact id: '2248285e5cb99ae402b1c9b02267bfcc') in 0.007589 seconds
  Import took 0.010425 seconds .

========================================================================
Received Import Request.
  Time since last request: 18.613736 seconds.
  path: Assets/RW/Scenes/Level 2.unity
  artifactKey: Guid(065564f8b449cf14fbd8bbf1cfe77a79) Importer(815301076,1909f56bfc062723c751e8b465ee728b)
Start importing Assets/RW/Scenes/Level 2.unity using Guid(065564f8b449cf14fbd8bbf1cfe77a79) Importer(815301076,1909f56bfc062723c751e8b465ee728b)  -> (artifact id: 'b6e556d91e94fe661b110996364eca0a') in 0.007533 seconds
  Import took 0.010611 seconds .

========================================================================
Received Import Request.
  Time since last request: 45.450284 seconds.
  path: Assets/RW/Scenes/Level 6.unity
  artifactKey: Guid(49ab8543229b5334caf3bbe45b48d1fd) Importer(815301076,1909f56bfc062723c751e8b465ee728b)
Start importing Assets/RW/Scenes/Level 6.unity using Guid(49ab8543229b5334caf3bbe45b48d1fd) Importer(815301076,1909f56bfc062723c751e8b465ee728b)  -> (artifact id: '6f543b6eefae8b32510fa4529f086e0d') in 0.008055 seconds
  Import took 0.010942 seconds .

========================================================================
Received Import Request.
  Time since last request: 0.356101 seconds.
  path: Assets/RW/Scenes/Level 5.unity
  artifactKey: Guid(c05ce61748ec38948bbcc7c4e4086bfa) Importer(815301076,1909f56bfc062723c751e8b465ee728b)
Start importing Assets/RW/Scenes/Level 5.unity using Guid(c05ce61748ec38948bbcc7c4e4086bfa) Importer(815301076,1909f56bfc062723c751e8b465ee728b)  -> (artifact id: 'afc24f9b113fe693adaefb527407950b') in 0.008135 seconds
  Import took 0.011056 seconds .

========================================================================
Received Import Request.
  Time since last request: 0.356944 seconds.
  path: Assets/RW/Scenes/Level 4.unity
  artifactKey: Guid(b1e495254b7da6246bd60ac59e781268) Importer(815301076,1909f56bfc062723c751e8b465ee728b)
Start importing Assets/RW/Scenes/Level 4.unity using Guid(b1e495254b7da6246bd60ac59e781268) Importer(815301076,1909f56bfc062723c751e8b465ee728b)  -> (artifact id: '77b4e239a745bf597da55f5dfb1d660e') in 0.008475 seconds
  Import took 0.011159 seconds .

========================================================================
Received Import Request.
  Time since last request: 0.308360 seconds.
  path: Assets/RW/Scenes/Level 3.unity
  artifactKey: Guid(e38b0bac6124eca47846e53903893a3d) Importer(815301076,1909f56bfc062723c751e8b465ee728b)
Start importing Assets/RW/Scenes/Level 3.unity using Guid(e38b0bac6124eca47846e53903893a3d) Importer(815301076,1909f56bfc062723c751e8b465ee728b)  -> (artifact id: '829ae51eaef48a270861253af548c1f5') in 0.008326 seconds
  Import took 0.011413 seconds .

========================================================================
Received Import Request.
  Time since last request: 21.245674 seconds.
  path: Assets/RW/Scenes/Level 1.unity
  artifactKey: Guid(2cda990e2423bbf4892e6590ba056729) Importer(815301076,1909f56bfc062723c751e8b465ee728b)
Start importing Assets/RW/Scenes/Level 1.unity using Guid(2cda990e2423bbf4892e6590ba056729) Importer(815301076,1909f56bfc062723c751e8b465ee728b)  -> (artifact id: 'e9e1d9851ea93113bdd36a435c6f6d82') in 0.007745 seconds
  Import took 0.010140 seconds .

========================================================================
Received Prepare
Registering precompiled user dll's ...
Registered in 0.001157 seconds.
Begin MonoManager ReloadAssembly
Native extension for WindowsStandalone target not found
Refreshing native plugins compatible for Editor in 0.33 ms, found 1 plugins.
Preloading 0 native plugins for Editor in 0.00 ms.
Invoked RoslynAnalysisRunner static constructor.
RoslynAnalysisRunner will not be running.
RoslynAnalysisRunner has terminated.
Mono: successfully reloaded assembly
- Completed reload, in  0.719 seconds
Platform modules already initialized, skipping
Refreshing native plugins compatible for Editor in 0.34 ms, found 1 plugins.
Preloading 0 native plugins for Editor in 0.00 ms.
Unloading 1812 Unused Serialized files (Serialized files now loaded: 0)
System memory in use before: 103.6 MB.
System memory in use after: 103.7 MB.

Unloading 7 unused Assets to reduce memory usage. Loaded Objects now: 2297.
Total: 1.469500 ms (FindLiveObjects: 0.161800 ms CreateObjectMapping: 0.058700 ms MarkObjects: 1.236800 ms  DeleteObjects: 0.011500 ms)

========================================================================
Received Prepare
Registering precompiled user dll's ...
Registered in 0.000727 seconds.
Begin MonoManager ReloadAssembly
Native extension for WindowsStandalone target not found
Refreshing native plugins compatible for Editor in 0.31 ms, found 1 plugins.
Preloading 0 native plugins for Editor in 0.00 ms.
Invoked RoslynAnalysisRunner static constructor.
RoslynAnalysisRunner will not be running.
RoslynAnalysisRunner has terminated.
Mono: successfully reloaded assembly
- Completed reload, in  0.735 seconds
Platform modules already initialized, skipping
Refreshing native plugins compatible for Editor in 0.31 ms, found 1 plugins.
Preloading 0 native plugins for Editor in 0.00 ms.
Unloading 1812 Unused Serialized files (Serialized files now loaded: 0)
System memory in use before: 103.7 MB.
System memory in use after: 103.8 MB.

Unloading 7 unused Assets to reduce memory usage. Loaded Objects now: 2301.
Total: 2.051600 ms (FindLiveObjects: 0.245900 ms CreateObjectMapping: 0.092600 ms MarkObjects: 1.692100 ms  DeleteObjects: 0.019100 ms)

========================================================================
Received Prepare
Registering precompiled user dll's ...
Registered in 0.000586 seconds.
Begin MonoManager ReloadAssembly
Native extension for WindowsStandalone target not found
Refreshing native plugins compatible for Editor in 0.54 ms, found 1 plugins.
Preloading 0 native plugins for Editor in 0.00 ms.
Invoked RoslynAnalysisRunner static constructor.
RoslynAnalysisRunner will not be running.
RoslynAnalysisRunner has terminated.
Mono: successfully reloaded assembly
- Completed reload, in  0.771 seconds
Platform modules already initialized, skipping
Refreshing native plugins compatible for Editor in 0.33 ms, found 1 plugins.
Preloading 0 native plugins for Editor in 0.00 ms.
Unloading 1812 Unused Serialized files (Serialized files now loaded: 0)
System memory in use before: 103.7 MB.
System memory in use after: 103.8 MB.

Unloading 7 unused Assets to reduce memory usage. Loaded Objects now: 2305.
Total: 1.681800 ms (FindLiveObjects: 0.242600 ms CreateObjectMapping: 0.089600 ms MarkObjects: 1.334600 ms  DeleteObjects: 0.013900 ms)

========================================================================
Received Prepare
Registering precompiled user dll's ...
Registered in 0.000594 seconds.
Begin MonoManager ReloadAssembly
Native extension for WindowsStandalone target not found
Refreshing native plugins compatible for Editor in 0.30 ms, found 1 plugins.
Preloading 0 native plugins for Editor in 0.00 ms.
Invoked RoslynAnalysisRunner static constructor.
RoslynAnalysisRunner will not be running.
RoslynAnalysisRunner has terminated.
Mono: successfully reloaded assembly
- Completed reload, in  0.701 seconds
Platform modules already initialized, skipping
Refreshing native plugins compatible for Editor in 0.32 ms, found 1 plugins.
Preloading 0 native plugins for Editor in 0.00 ms.
Unloading 1812 Unused Serialized files (Serialized files now loaded: 0)
System memory in use before: 103.7 MB.
System memory in use after: 103.8 MB.

Unloading 7 unused Assets to reduce memory usage. Loaded Objects now: 2309.
Total: 1.461300 ms (FindLiveObjects: 0.150100 ms CreateObjectMapping: 0.056300 ms MarkObjects: 1.242200 ms  DeleteObjects: 0.011400 ms)

========================================================================
Received Import Request.
  Time since last request: 137.439344 seconds.
  path: Assets/RW/Scenes/Level 1.unity
  artifactKey: Guid(2cda990e2423bbf4892e6590ba056729) Importer(815301076,1909f56bfc062723c751e8b465ee728b)
Start importing Assets/RW/Scenes/Level 1.unity using Guid(2cda990e2423bbf4892e6590ba056729) Importer(815301076,1909f56bfc062723c751e8b465ee728b)  -> (artifact id: '8a786efa0b24aaf50e457565e0fdf93c') in 0.011198 seconds
  Import took 0.014094 seconds .

========================================================================
Received Import Request.
  Time since last request: 1.360034 seconds.
  path: Assets/RW/Scenes/Level 2.unity
  artifactKey: Guid(161df66bab68d1440a3887cf85f632ba) Importer(815301076,1909f56bfc062723c751e8b465ee728b)
Start importing Assets/RW/Scenes/Level 2.unity using Guid(161df66bab68d1440a3887cf85f632ba) Importer(815301076,1909f56bfc062723c751e8b465ee728b)  -> (artifact id: '442df58355666a6f0a444a8f20328c56') in 0.004965 seconds
  Import took 0.008092 seconds .

========================================================================
Received Prepare
Registering precompiled user dll's ...
Registered in 0.000591 seconds.
Begin MonoManager ReloadAssembly
Native extension for WindowsStandalone target not found
Refreshing native plugins compatible for Editor in 0.30 ms, found 1 plugins.
Preloading 0 native plugins for Editor in 0.00 ms.
Invoked RoslynAnalysisRunner static constructor.
RoslynAnalysisRunner will not be running.
RoslynAnalysisRunner has terminated.
Mono: successfully reloaded assembly
- Completed reload, in  0.817 seconds
Platform modules already initialized, skipping
Refreshing native plugins compatible for Editor in 0.30 ms, found 1 plugins.
Preloading 0 native plugins for Editor in 0.00 ms.
Unloading 1812 Unused Serialized files (Serialized files now loaded: 0)
System memory in use before: 103.7 MB.
System memory in use after: 103.8 MB.

Unloading 7 unused Assets to reduce memory usage. Loaded Objects now: 2313.
Total: 1.758000 ms (FindLiveObjects: 0.176200 ms CreateObjectMapping: 0.072400 ms MarkObjects: 1.492900 ms  DeleteObjects: 0.015100 ms)

========================================================================
Received Prepare
Registering precompiled user dll's ...
Registered in 0.000572 seconds.
Begin MonoManager ReloadAssembly
Native extension for WindowsStandalone target not found
Refreshing native plugins compatible for Editor in 0.30 ms, found 1 plugins.
Preloading 0 native plugins for Editor in 0.00 ms.
Invoked RoslynAnalysisRunner static constructor.
RoslynAnalysisRunner will not be running.
RoslynAnalysisRunner has terminated.
Mono: successfully reloaded assembly
- Completed reload, in  0.801 seconds
Platform modules already initialized, skipping
Refreshing native plugins compatible for Editor in 0.40 ms, found 1 plugins.
Preloading 0 native plugins for Editor in 0.00 ms.
Unloading 1812 Unused Serialized files (Serialized files now loaded: 0)
System memory in use before: 103.7 MB.
System memory in use after: 103.9 MB.

Unloading 7 unused Assets to reduce memory usage. Loaded Objects now: 2317.
Total: 1.625000 ms (FindLiveObjects: 0.184400 ms CreateObjectMapping: 0.063400 ms MarkObjects: 1.361900 ms  DeleteObjects: 0.013600 ms)

========================================================================
Received Prepare
Registering precompiled user dll's ...
Registered in 0.000931 seconds.
Begin MonoManager ReloadAssembly
Native extension for WindowsStandalone target not found
Refreshing native plugins compatible for Editor in 0.30 ms, found 1 plugins.
Preloading 0 native plugins for Editor in 0.00 ms.
Invoked RoslynAnalysisRunner static constructor.
RoslynAnalysisRunner will not be running.
RoslynAnalysisRunner has terminated.
Mono: successfully reloaded assembly
- Completed reload, in  0.756 seconds
Platform modules already initialized, skipping
Refreshing native plugins compatible for Editor in 0.34 ms, found 1 plugins.
Preloading 0 native plugins for Editor in 0.00 ms.
Unloading 1812 Unused Serialized files (Serialized files now loaded: 0)
System memory in use before: 103.8 MB.
System memory in use after: 103.9 MB.

Unloading 7 unused Assets to reduce memory usage. Loaded Objects now: 2321.
Total: 1.917000 ms (FindLiveObjects: 0.261500 ms CreateObjectMapping: 0.082100 ms MarkObjects: 1.555900 ms  DeleteObjects: 0.015700 ms)

========================================================================
Received Import Request.
  Time since last request: 136.205057 seconds.
  path: Assets/RW/Scenes/Level 2.unity
  artifactKey: Guid(161df66bab68d1440a3887cf85f632ba) Importer(815301076,1909f56bfc062723c751e8b465ee728b)
Start importing Assets/RW/Scenes/Level 2.unity using Guid(161df66bab68d1440a3887cf85f632ba) Importer(815301076,1909f56bfc062723c751e8b465ee728b)  -> (artifact id: 'bac4e78768a24e6c2af46996ae063575') in 0.011371 seconds
  Import took 0.014848 seconds .

========================================================================
Received Import Request.
  Time since last request: 0.977242 seconds.
  path: Assets/RW/Scenes/Level 3.unity
  artifactKey: Guid(d0eea97b4361d6b42a08973231d04fa9) Importer(815301076,1909f56bfc062723c751e8b465ee728b)
Start importing Assets/RW/Scenes/Level 3.unity using Guid(d0eea97b4361d6b42a08973231d04fa9) Importer(815301076,1909f56bfc062723c751e8b465ee728b)  -> (artifact id: 'be6adbab44416b291b7afa024e77e254') in 0.004207 seconds
  Import took 0.006904 seconds .

========================================================================
Received Prepare
Registering precompiled user dll's ...
Registered in 0.000838 seconds.
Begin MonoManager ReloadAssembly
Native extension for WindowsStandalone target not found
Refreshing native plugins compatible for Editor in 0.40 ms, found 1 plugins.
Preloading 0 native plugins for Editor in 0.00 ms.
Invoked RoslynAnalysisRunner static constructor.
RoslynAnalysisRunner will not be running.
RoslynAnalysisRunner has terminated.
Mono: successfully reloaded assembly
- Completed reload, in  0.817 seconds
Platform modules already initialized, skipping
Refreshing native plugins compatible for Editor in 0.35 ms, found 1 plugins.
Preloading 0 native plugins for Editor in 0.00 ms.
Unloading 1812 Unused Serialized files (Serialized files now loaded: 0)
System memory in use before: 103.8 MB.
System memory in use after: 103.9 MB.

Unloading 7 unused Assets to reduce memory usage. Loaded Objects now: 2325.
Total: 2.216300 ms (FindLiveObjects: 0.212300 ms CreateObjectMapping: 0.071300 ms MarkObjects: 1.912100 ms  DeleteObjects: 0.019200 ms)

========================================================================
Received Prepare
Registering precompiled user dll's ...
Registered in 0.000775 seconds.
Begin MonoManager ReloadAssembly
Native extension for WindowsStandalone target not found
Refreshing native plugins compatible for Editor in 0.30 ms, found 1 plugins.
Preloading 0 native plugins for Editor in 0.00 ms.
Invoked RoslynAnalysisRunner static constructor.
RoslynAnalysisRunner will not be running.
RoslynAnalysisRunner has terminated.
Mono: successfully reloaded assembly
- Completed reload, in  0.744 seconds
Platform modules already initialized, skipping
Refreshing native plugins compatible for Editor in 0.51 ms, found 1 plugins.
Preloading 0 native plugins for Editor in 0.00 ms.
Unloading 1812 Unused Serialized files (Serialized files now loaded: 0)
System memory in use before: 103.8 MB.
System memory in use after: 103.9 MB.

Unloading 7 unused Assets to reduce memory usage. Loaded Objects now: 2329.
Total: 1.750100 ms (FindLiveObjects: 0.285900 ms CreateObjectMapping: 0.115900 ms MarkObjects: 1.334300 ms  DeleteObjects: 0.012900 ms)

========================================================================
Received Import Request.
  Time since last request: 95.621251 seconds.
  path: Assets/RW/Scenes/Level 3.unity
  artifactKey: Guid(d0eea97b4361d6b42a08973231d04fa9) Importer(815301076,1909f56bfc062723c751e8b465ee728b)
Start importing Assets/RW/Scenes/Level 3.unity using Guid(d0eea97b4361d6b42a08973231d04fa9) Importer(815301076,1909f56bfc062723c751e8b465ee728b)  -> (artifact id: '464a481ba5f31a515366da6738a79fbf') in 0.012018 seconds
  Import took 0.015512 seconds .

========================================================================
Received Import Request.
  Time since last request: 1.672454 seconds.
  path: Assets/RW/Scenes/Level 4.unity
  artifactKey: Guid(3e4c8be010f9f4c4ba80217b2ab4368e) Importer(815301076,1909f56bfc062723c751e8b465ee728b)
Start importing Assets/RW/Scenes/Level 4.unity using Guid(3e4c8be010f9f4c4ba80217b2ab4368e) Importer(815301076,1909f56bfc062723c751e8b465ee728b)  -> (artifact id: '78094575c3692ad6027e7b209abceb9d') in 0.004666 seconds
  Import took 0.008052 seconds .

========================================================================
Received Prepare
Registering precompiled user dll's ...
Registered in 0.000590 seconds.
Begin MonoManager ReloadAssembly
Native extension for WindowsStandalone target not found
Refreshing native plugins compatible for Editor in 0.40 ms, found 1 plugins.
Preloading 0 native plugins for Editor in 0.00 ms.
Invoked RoslynAnalysisRunner static constructor.
RoslynAnalysisRunner will not be running.
RoslynAnalysisRunner has terminated.
Mono: successfully reloaded assembly
- Completed reload, in  0.813 seconds
Platform modules already initialized, skipping
Refreshing native plugins compatible for Editor in 0.33 ms, found 1 plugins.
Preloading 0 native plugins for Editor in 0.00 ms.
Unloading 1812 Unused Serialized files (Serialized files now loaded: 0)
System memory in use before: 103.8 MB.
System memory in use after: 103.9 MB.

Unloading 7 unused Assets to reduce memory usage. Loaded Objects now: 2333.
Total: 1.638800 ms (FindLiveObjects: 0.231700 ms CreateObjectMapping: 0.080900 ms MarkObjects: 1.307500 ms  DeleteObjects: 0.017600 ms)

========================================================================
Received Prepare
Registering precompiled user dll's ...
Registered in 0.000567 seconds.
Begin MonoManager ReloadAssembly
Native extension for WindowsStandalone target not found
Refreshing native plugins compatible for Editor in 0.30 ms, found 1 plugins.
Preloading 0 native plugins for Editor in 0.00 ms.
Invoked RoslynAnalysisRunner static constructor.
RoslynAnalysisRunner will not be running.
RoslynAnalysisRunner has terminated.
Mono: successfully reloaded assembly
- Completed reload, in  0.771 seconds
Platform modules already initialized, skipping
Refreshing native plugins compatible for Editor in 0.33 ms, found 1 plugins.
Preloading 0 native plugins for Editor in 0.00 ms.
Unloading 1812 Unused Serialized files (Serialized files now loaded: 0)
System memory in use before: 103.8 MB.
System memory in use after: 103.9 MB.

Unloading 7 unused Assets to reduce memory usage. Loaded Objects now: 2337.
Total: 1.938900 ms (FindLiveObjects: 0.180200 ms CreateObjectMapping: 0.068100 ms MarkObjects: 1.673900 ms  DeleteObjects: 0.015400 ms)

========================================================================
Received Import Request.
  Time since last request: 68.754729 seconds.
  path: Assets/RW/Scenes/Level 4.unity
  artifactKey: Guid(3e4c8be010f9f4c4ba80217b2ab4368e) Importer(815301076,1909f56bfc062723c751e8b465ee728b)
Start importing Assets/RW/Scenes/Level 4.unity using Guid(3e4c8be010f9f4c4ba80217b2ab4368e) Importer(815301076,1909f56bfc062723c751e8b465ee728b)  -> (artifact id: 'ad80b930d3ca1ef591b67c4208ebe72b') in 0.010269 seconds
  Import took 0.013109 seconds .

========================================================================
Received Import Request.
  Time since last request: 13.506019 seconds.
  path: Assets/RW/Scenes/Level 5.unity
  artifactKey: Guid(2e1d5b2e99d496f4fba1a5c2385ec593) Importer(815301076,1909f56bfc062723c751e8b465ee728b)
Start importing Assets/RW/Scenes/Level 5.unity using Guid(2e1d5b2e99d496f4fba1a5c2385ec593) Importer(815301076,1909f56bfc062723c751e8b465ee728b)  -> (artifact id: '2712b264b63e6823c7744853e94acd4a') in 0.003620 seconds
  Import took 0.006959 seconds .

========================================================================
Received Prepare
Registering precompiled user dll's ...
Registered in 0.000920 seconds.
Begin MonoManager ReloadAssembly
Native extension for WindowsStandalone target not found
Refreshing native plugins compatible for Editor in 0.30 ms, found 1 plugins.
Preloading 0 native plugins for Editor in 0.00 ms.
Invoked RoslynAnalysisRunner static constructor.
RoslynAnalysisRunner will not be running.
RoslynAnalysisRunner has terminated.
Mono: successfully reloaded assembly
- Completed reload, in  0.712 seconds
Platform modules already initialized, skipping
Refreshing native plugins compatible for Editor in 0.29 ms, found 1 plugins.
Preloading 0 native plugins for Editor in 0.00 ms.
Unloading 1812 Unused Serialized files (Serialized files now loaded: 0)
System memory in use before: 103.8 MB.
System memory in use after: 103.9 MB.

Unloading 7 unused Assets to reduce memory usage. Loaded Objects now: 2341.
Total: 1.503100 ms (FindLiveObjects: 0.187400 ms CreateObjectMapping: 0.067300 ms MarkObjects: 1.234100 ms  DeleteObjects: 0.013400 ms)

========================================================================
Received Import Request.
  Time since last request: 45.023630 seconds.
  path: Assets/RW/Scenes/Level 5.unity
  artifactKey: Guid(2e1d5b2e99d496f4fba1a5c2385ec593) Importer(815301076,1909f56bfc062723c751e8b465ee728b)
Start importing Assets/RW/Scenes/Level 5.unity using Guid(2e1d5b2e99d496f4fba1a5c2385ec593) Importer(815301076,1909f56bfc062723c751e8b465ee728b)  -> (artifact id: '7323b565846f5a04eaff35a7e8002783') in 0.010882 seconds
  Import took 0.013993 seconds .

========================================================================
Received Import Request.
  Time since last request: 0.933080 seconds.
  path: Assets/RW/Scenes/Level 6.unity
  artifactKey: Guid(40218ca41614d064599d5d079c803d54) Importer(815301076,1909f56bfc062723c751e8b465ee728b)
Start importing Assets/RW/Scenes/Level 6.unity using Guid(40218ca41614d064599d5d079c803d54) Importer(815301076,1909f56bfc062723c751e8b465ee728b)  -> (artifact id: '1e2398a8e4bdf3a42c4bc20a8441026f') in 0.007411 seconds
  Import took 0.009918 seconds .

========================================================================
Received Import Request.
  Time since last request: 22.128313 seconds.
  path: Assets/RW/Scenes/Level 6.unity
  artifactKey: Guid(40218ca41614d064599d5d079c803d54) Importer(815301076,1909f56bfc062723c751e8b465ee728b)
Start importing Assets/RW/Scenes/Level 6.unity using Guid(40218ca41614d064599d5d079c803d54) Importer(815301076,1909f56bfc062723c751e8b465ee728b)  -> (artifact id: 'cdfb339ab765d253f5f205bd95f65a68') in 0.003570 seconds
  Import took 0.006316 seconds .

========================================================================
Received Prepare
Registering precompiled user dll's ...
Registered in 0.000826 seconds.
Begin MonoManager ReloadAssembly
Native extension for WindowsStandalone target not found
Refreshing native plugins compatible for Editor in 0.30 ms, found 1 plugins.
Preloading 0 native plugins for Editor in 0.00 ms.
Invoked RoslynAnalysisRunner static constructor.
RoslynAnalysisRunner will not be running.
RoslynAnalysisRunner has terminated.
Mono: successfully reloaded assembly
- Completed reload, in  0.709 seconds
Platform modules already initialized, skipping
Refreshing native plugins compatible for Editor in 0.32 ms, found 1 plugins.
Preloading 0 native plugins for Editor in 0.00 ms.
Unloading 1812 Unused Serialized files (Serialized files now loaded: 0)
System memory in use before: 103.8 MB.
System memory in use after: 104.0 MB.

Unloading 7 unused Assets to reduce memory usage. Loaded Objects now: 2345.
Total: 1.574400 ms (FindLiveObjects: 0.198600 ms CreateObjectMapping: 0.055300 ms MarkObjects: 1.307300 ms  DeleteObjects: 0.012400 ms)

========================================================================
Received Import Request.
  Time since last request: 1.946446 seconds.
  path: Assets/RW/Scenes/Level 7.unity
  artifactKey: Guid(dbfe4a8956d33fd419df4d7682c03901) Importer(815301076,1909f56bfc062723c751e8b465ee728b)
Start importing Assets/RW/Scenes/Level 7.unity using Guid(dbfe4a8956d33fd419df4d7682c03901) Importer(815301076,1909f56bfc062723c751e8b465ee728b)  -> (artifact id: '44fca36659b0d61770ee75e2edf147fa') in 0.010306 seconds
  Import took 0.012919 seconds .

========================================================================
Received Prepare
Registering precompiled user dll's ...
Registered in 0.000591 seconds.
Begin MonoManager ReloadAssembly
Native extension for WindowsStandalone target not found
Refreshing native plugins compatible for Editor in 0.33 ms, found 1 plugins.
Preloading 0 native plugins for Editor in 0.00 ms.
Invoked RoslynAnalysisRunner static constructor.
RoslynAnalysisRunner will not be running.
RoslynAnalysisRunner has terminated.
Mono: successfully reloaded assembly
- Completed reload, in  0.711 seconds
Platform modules already initialized, skipping
Refreshing native plugins compatible for Editor in 0.30 ms, found 1 plugins.
Preloading 0 native plugins for Editor in 0.00 ms.
Unloading 1812 Unused Serialized files (Serialized files now loaded: 0)
System memory in use before: 103.9 MB.
System memory in use after: 104.0 MB.

Unloading 7 unused Assets to reduce memory usage. Loaded Objects now: 2349.
Total: 1.483500 ms (FindLiveObjects: 0.162700 ms CreateObjectMapping: 0.054700 ms MarkObjects: 1.252600 ms  DeleteObjects: 0.012000 ms)

========================================================================
Received Prepare
Registering precompiled user dll's ...
Registered in 0.000566 seconds.
Begin MonoManager ReloadAssembly
Native extension for WindowsStandalone target not found
Refreshing native plugins compatible for Editor in 0.31 ms, found 1 plugins.
Preloading 0 native plugins for Editor in 0.00 ms.
Invoked RoslynAnalysisRunner static constructor.
RoslynAnalysisRunner will not be running.
RoslynAnalysisRunner has terminated.
Mono: successfully reloaded assembly
- Completed reload, in  0.721 seconds
Platform modules already initialized, skipping
Refreshing native plugins compatible for Editor in 0.33 ms, found 1 plugins.
Preloading 0 native plugins for Editor in 0.00 ms.
Unloading 1812 Unused Serialized files (Serialized files now loaded: 0)
System memory in use before: 103.9 MB.
System memory in use after: 104.0 MB.

Unloading 7 unused Assets to reduce memory usage. Loaded Objects now: 2353.
Total: 1.627100 ms (FindLiveObjects: 0.230200 ms CreateObjectMapping: 0.073500 ms MarkObjects: 1.302700 ms  DeleteObjects: 0.013500 ms)

========================================================================
Received Import Request.
  Time since last request: 108.219770 seconds.
  path: Assets/RW/Scenes/Level 7.unity
  artifactKey: Guid(dbfe4a8956d33fd419df4d7682c03901) Importer(815301076,1909f56bfc062723c751e8b465ee728b)
Start importing Assets/RW/Scenes/Level 7.unity using Guid(dbfe4a8956d33fd419df4d7682c03901) Importer(815301076,1909f56bfc062723c751e8b465ee728b)  -> (artifact id: '33fdc46930d35b8f211e5864355cf63c') in 0.010228 seconds
  Import took 0.013011 seconds .

========================================================================
Received Import Request.
  Time since last request: 0.924825 seconds.
  path: Assets/RW/Scenes/Level 8.unity
  artifactKey: Guid(9bcc79b228ba8454ca5e42291e7bcf6f) Importer(815301076,1909f56bfc062723c751e8b465ee728b)
Start importing Assets/RW/Scenes/Level 8.unity using Guid(9bcc79b228ba8454ca5e42291e7bcf6f) Importer(815301076,1909f56bfc062723c751e8b465ee728b)  -> (artifact id: '43eece208e1753153948fa156bf84ddd') in 0.004718 seconds
  Import took 0.007317 seconds .

========================================================================
Received Import Request.
  Time since last request: 127.273452 seconds.
  path: Assets/RW/Scenes/Level 9.unity
  artifactKey: Guid(b13da8718c9624d4f94438dcef34f4fc) Importer(815301076,1909f56bfc062723c751e8b465ee728b)
Start importing Assets/RW/Scenes/Level 9.unity using Guid(b13da8718c9624d4f94438dcef34f4fc) Importer(815301076,1909f56bfc062723c751e8b465ee728b)  -> (artifact id: '92acdfe74d2e1bf3f76fc6de013228f8') in 0.004130 seconds
  Import took 0.007567 seconds .

========================================================================
Received Prepare
Registering precompiled user dll's ...
Registered in 0.000745 seconds.
Begin MonoManager ReloadAssembly
Native extension for WindowsStandalone target not found
Refreshing native plugins compatible for Editor in 0.30 ms, found 1 plugins.
Preloading 0 native plugins for Editor in 0.00 ms.
Invoked RoslynAnalysisRunner static constructor.
RoslynAnalysisRunner will not be running.
RoslynAnalysisRunner has terminated.
Mono: successfully reloaded assembly
- Completed reload, in  0.763 seconds
Platform modules already initialized, skipping
Refreshing native plugins compatible for Editor in 0.40 ms, found 1 plugins.
Preloading 0 native plugins for Editor in 0.00 ms.
Unloading 1812 Unused Serialized files (Serialized files now loaded: 0)
System memory in use before: 103.9 MB.
System memory in use after: 104.0 MB.

Unloading 7 unused Assets to reduce memory usage. Loaded Objects now: 2357.
Total: 1.898200 ms (FindLiveObjects: 0.263400 ms CreateObjectMapping: 0.095500 ms MarkObjects: 1.520300 ms  DeleteObjects: 0.017400 ms)

========================================================================
Received Prepare
Registering precompiled user dll's ...
Registered in 0.000742 seconds.
Begin MonoManager ReloadAssembly
Native extension for WindowsStandalone target not found
Refreshing native plugins compatible for Editor in 0.32 ms, found 1 plugins.
Preloading 0 native plugins for Editor in 0.00 ms.
Invoked RoslynAnalysisRunner static constructor.
RoslynAnalysisRunner will not be running.
RoslynAnalysisRunner has terminated.
Mono: successfully reloaded assembly
- Completed reload, in  0.976 seconds
Platform modules already initialized, skipping
Refreshing native plugins compatible for Editor in 0.47 ms, found 1 plugins.
Preloading 0 native plugins for Editor in 0.00 ms.
Unloading 1812 Unused Serialized files (Serialized files now loaded: 0)
System memory in use before: 103.9 MB.
System memory in use after: 104.0 MB.

Unloading 7 unused Assets to reduce memory usage. Loaded Objects now: 2361.
Total: 3.089400 ms (FindLiveObjects: 0.259400 ms CreateObjectMapping: 0.093200 ms MarkObjects: 2.720500 ms  DeleteObjects: 0.014700 ms)

========================================================================
Received Import Request.
  Time since last request: 133.070391 seconds.
  path: Assets/RW/Scenes/Level 9.unity
  artifactKey: Guid(b13da8718c9624d4f94438dcef34f4fc) Importer(815301076,1909f56bfc062723c751e8b465ee728b)
Start importing Assets/RW/Scenes/Level 9.unity using Guid(b13da8718c9624d4f94438dcef34f4fc) Importer(815301076,1909f56bfc062723c751e8b465ee728b)  -> (artifact id: '5d1dde5852f58598517c107e2b27c3ee') in 0.009565 seconds
  Import took 0.012663 seconds .

========================================================================
Received Import Request.
  Time since last request: 0.871375 seconds.
  path: Assets/RW/Scenes/Level 10.unity
  artifactKey: Guid(f2dcdc965c821e54bbae75b9d005ab63) Importer(815301076,1909f56bfc062723c751e8b465ee728b)
Start importing Assets/RW/Scenes/Level 10.unity using Guid(f2dcdc965c821e54bbae75b9d005ab63) Importer(815301076,1909f56bfc062723c751e8b465ee728b)  -> (artifact id: '171d43e8af3bef716851e00ae4b84df4') in 0.005196 seconds
  Import took 0.008235 seconds .

========================================================================
Received Prepare
Registering precompiled user dll's ...
Registered in 0.000811 seconds.
Begin MonoManager ReloadAssembly
Native extension for WindowsStandalone target not found
Refreshing native plugins compatible for Editor in 0.30 ms, found 1 plugins.
Preloading 0 native plugins for Editor in 0.00 ms.
Invoked RoslynAnalysisRunner static constructor.
RoslynAnalysisRunner will not be running.
RoslynAnalysisRunner has terminated.
Mono: successfully reloaded assembly
- Completed reload, in  0.756 seconds
Platform modules already initialized, skipping
Refreshing native plugins compatible for Editor in 0.34 ms, found 1 plugins.
Preloading 0 native plugins for Editor in 0.00 ms.
Unloading 1812 Unused Serialized files (Serialized files now loaded: 0)
System memory in use before: 103.9 MB.
System memory in use after: 104.0 MB.

Unloading 7 unused Assets to reduce memory usage. Loaded Objects now: 2365.
Total: 1.558800 ms (FindLiveObjects: 0.215600 ms CreateObjectMapping: 0.072100 ms MarkObjects: 1.258000 ms  DeleteObjects: 0.012100 ms)

========================================================================
Received Prepare
Refreshing native plugins compatible for Editor in 1.51 ms, found 1 plugins.
Preloading 0 native plugins for Editor in 0.00 ms.
Unloading 5 Unused Serialized files (Serialized files now loaded: 0)
System memory in use before: 68.2 MB.
System memory in use after: 68.3 MB.

Unloading 5 unused Assets to reduce memory usage. Loaded Objects now: 2365.
Total: 25.083100 ms (FindLiveObjects: 0.395800 ms CreateObjectMapping: 0.065800 ms MarkObjects: 24.600100 ms  DeleteObjects: 0.019800 ms)

========================================================================
Received Import Request.
  Time since last request: 11808.504073 seconds.
  path: Assets/RW/Scenes/Level 2.unity
  artifactKey: Guid(161df66bab68d1440a3887cf85f632ba) Importer(815301076,1909f56bfc062723c751e8b465ee728b)
Start importing Assets/RW/Scenes/Level 2.unity using Guid(161df66bab68d1440a3887cf85f632ba) Importer(815301076,1909f56bfc062723c751e8b465ee728b)  -> (artifact id: 'a8ba1b1a298ca49a8f49e7cdb7552915') in 0.075375 seconds
  Import took 0.112760 seconds .

AssetImportWorkerClient::OnTransportError - code=2 error=End of file
